[0.050s] Invoking command in '/home/erica/mercedes-brain/build/gpio': CMAKE_PREFIX_PATH=${CMAKE_PREFIX_PATH}:/opt/ros/humble /usr/bin/cmake --build /home/erica/mercedes-brain/build/gpio -- -j4 -l4
[0.233s] [35m[1mConsolidate compiler generated dependencies of target gpio_node[0m
[0.327s] [100%] Built target gpio_node
[0.365s] Invoked command in '/home/erica/mercedes-brain/build/gpio' returned '0': CMAKE_PREFIX_PATH=${CMAKE_PREFIX_PATH}:/opt/ros/humble /usr/bin/cmake --build /home/erica/mercedes-brain/build/gpio -- -j4 -l4
[0.409s] Invoking command in '/home/erica/mercedes-brain/build/gpio': CMAKE_PREFIX_PATH=${CMAKE_PREFIX_PATH}:/opt/ros/humble /usr/bin/cmake --install /home/erica/mercedes-brain/build/gpio
[0.437s] -- Install configuration: ""
[0.440s] -- Up-to-date: /home/erica/mercedes-brain/install/gpio/lib/gpio/gpio_node
[0.442s] -- Up-to-date: /home/erica/mercedes-brain/install/gpio/share/gpio/launch
[0.442s] -- Installing: /home/erica/mercedes-brain/install/gpio/share/gpio/launch/launch.py
[0.444s] -- Up-to-date: /home/erica/mercedes-brain/install/gpio/share/gpio/config
[0.444s] -- Up-to-date: /home/erica/mercedes-brain/install/gpio/share/gpio/config/.gitkeep
[0.445s] -- Up-to-date: /home/erica/mercedes-brain/install/gpio/share/ament_index/resource_index/package_run_dependencies/gpio
[0.445s] -- Up-to-date: /home/erica/mercedes-brain/install/gpio/share/ament_index/resource_index/parent_prefix_path/gpio
[0.446s] -- Up-to-date: /home/erica/mercedes-brain/install/gpio/share/gpio/environment/ament_prefix_path.sh
[0.446s] -- Up-to-date: /home/erica/mercedes-brain/install/gpio/share/gpio/environment/ament_prefix_path.dsv
[0.446s] -- Up-to-date: /home/erica/mercedes-brain/install/gpio/share/gpio/environment/path.sh
[0.447s] -- Up-to-date: /home/erica/mercedes-brain/install/gpio/share/gpio/environment/path.dsv
[0.448s] -- Up-to-date: /home/erica/mercedes-brain/install/gpio/share/gpio/local_setup.bash
[0.448s] -- Up-to-date: /home/erica/mercedes-brain/install/gpio/share/gpio/local_setup.sh
[0.449s] -- Up-to-date: /home/erica/mercedes-brain/install/gpio/share/gpio/local_setup.zsh
[0.449s] -- Up-to-date: /home/erica/mercedes-brain/install/gpio/share/gpio/local_setup.dsv
[0.449s] -- Installing: /home/erica/mercedes-brain/install/gpio/share/gpio/package.dsv
[0.450s] -- Up-to-date: /home/erica/mercedes-brain/install/gpio/share/ament_index/resource_index/packages/gpio
[0.451s] -- Up-to-date: /home/erica/mercedes-brain/install/gpio/share/gpio/cmake/gpioConfig.cmake
[0.451s] -- Up-to-date: /home/erica/mercedes-brain/install/gpio/share/gpio/cmake/gpioConfig-version.cmake
[0.452s] -- Up-to-date: /home/erica/mercedes-brain/install/gpio/share/gpio/package.xml
[0.457s] Invoked command in '/home/erica/mercedes-brain/build/gpio' returned '0': CMAKE_PREFIX_PATH=${CMAKE_PREFIX_PATH}:/opt/ros/humble /usr/bin/cmake --install /home/erica/mercedes-brain/build/gpio
