[0.046s] Invoking command in '/home/erica/mercedes-brain/build/gpio': CMAKE_PREFIX_PATH=${CMAKE_PREFIX_PATH}:/opt/ros/humble /usr/bin/cmake --build /home/erica/mercedes-brain/build/gpio -- -j4 -l4
[0.284s] [ 50%] [32mBuilding CXX object CMakeFiles/gpio_node.dir/src/gpio_node.cpp.o[0m
[9.935s] [01m[K/home/erica/mercedes-brain/src/gpio/src/gpio_node.cpp:[m[K In member function ‘[01m[Kvoid GPIONode::rc_callback(ackermann_msgs::msg::AckermannDrive_<std::allocator<void> >::SharedPtr)[m[K’:
[9.936s] [01m[K/home/erica/mercedes-brain/src/gpio/src/gpio_node.cpp:43:19:[m[K [01;31m[Kerror: [m[Kcannot convert ‘[01m[Kbool[m[K’ to ‘[01m[Kconst void*[m[K’
[9.936s]    43 |         write(27, [01;31m[Kdir[m[K);
[9.937s]       |                   [01;31m[K^~~[m[K
[9.937s]       |                   [01;31m[K|[m[K
[9.938s]       |                   [01;31m[Kbool[m[K
[9.938s] In file included from [01m[K/usr/include/aarch64-linux-gnu/bits/sigstksz.h:24[m[K,
[9.938s]                  from [01m[K/usr/include/signal.h:328[m[K,
[9.939s]                  from [01m[K/usr/include/c++/11/csignal:42[m[K,
[9.939s]                  from [01m[K/opt/ros/humble/include/rclcpp/rclcpp/rclcpp.hpp:152[m[K,
[9.940s]                  from [01m[K/home/erica/mercedes-brain/src/gpio/src/gpio_node.cpp:1[m[K:
[9.940s] [01m[K/usr/include/unistd.h:378:45:[m[K [01;36m[Knote: [m[K  initializing argument 2 of ‘[01m[Kssize_t write(int, const void*, size_t)[m[K’
[9.940s]   378 | extern ssize_t write (int __fd, [01;36m[Kconst void *__buf[m[K, size_t __n) __wur
[9.941s]       |                                 [01;36m[K~~~~~~~~~~~~^~~~~[m[K
[9.941s] [01m[K/home/erica/mercedes-brain/src/gpio/src/gpio_node.cpp:44:19:[m[K [01;31m[Kerror: [m[Kcannot convert ‘[01m[Kbool[m[K’ to ‘[01m[Kconst void*[m[K’
[9.942s]    44 |         write(22, [01;31m[K!dir[m[K);
[9.942s]       |                   [01;31m[K^~~~[m[K
[9.942s]       |                   [01;31m[K|[m[K
[9.943s]       |                   [01;31m[Kbool[m[K
[9.943s] In file included from [01m[K/usr/include/aarch64-linux-gnu/bits/sigstksz.h:24[m[K,
[9.944s]                  from [01m[K/usr/include/signal.h:328[m[K,
[9.944s]                  from [01m[K/usr/include/c++/11/csignal:42[m[K,
[9.944s]                  from [01m[K/opt/ros/humble/include/rclcpp/rclcpp/rclcpp.hpp:152[m[K,
[9.945s]                  from [01m[K/home/erica/mercedes-brain/src/gpio/src/gpio_node.cpp:1[m[K:
[9.946s] [01m[K/usr/include/unistd.h:378:45:[m[K [01;36m[Knote: [m[K  initializing argument 2 of ‘[01m[Kssize_t write(int, const void*, size_t)[m[K’
[9.946s]   378 | extern ssize_t write (int __fd, [01;36m[Kconst void *__buf[m[K, size_t __n) __wur
[9.947s]       |                                 [01;36m[K~~~~~~~~~~~~^~~~~[m[K
[18.098s] gmake[2]: *** [CMakeFiles/gpio_node.dir/build.make:76: CMakeFiles/gpio_node.dir/src/gpio_node.cpp.o] Error 1
[18.099s] gmake[1]: *** [CMakeFiles/Makefile2:137: CMakeFiles/gpio_node.dir/all] Error 2
[18.100s] gmake: *** [Makefile:146: all] Error 2
[18.106s] Invoked command in '/home/erica/mercedes-brain/build/gpio' returned '2': CMAKE_PREFIX_PATH=${CMAKE_PREFIX_PATH}:/opt/ros/humble /usr/bin/cmake --build /home/erica/mercedes-brain/build/gpio -- -j4 -l4
