[0.633s] DEBUG:colcon:Command line arguments: ['/usr/bin/colcon', 'build', '--packages-select', 'teleop']
[0.633s] DEBUG:colcon:Parsed command line arguments: Namespace(log_base=None, log_level=None, verb_name='build', build_base='build', install_base='install', merge_install=False, symlink_install=False, test_result_base=None, continue_on_error=False, executor='parallel', parallel_workers=4, event_handlers=None, ignore_user_meta=False, metas=['./colcon.meta'], base_paths=['.'], packages_ignore=None, packages_ignore_regex=None, paths=None, packages_up_to=None, packages_up_to_regex=None, packages_above=None, packages_above_and_dependencies=None, packages_above_depth=None, packages_select_by_dep=None, packages_skip_by_dep=None, packages_skip_up_to=None, packages_select_build_failed=False, packages_skip_build_finished=False, packages_select_test_failures=False, packages_skip_test_passed=False, packages_select=['teleop'], packages_skip=None, packages_select_regex=None, packages_skip_regex=None, packages_start=None, packages_end=None, allow_overriding=[], cmake_args=None, cmake_target=None, cmake_target_skip_unavailable=False, cmake_clean_cache=False, cmake_clean_first=False, cmake_force_configure=False, ament_cmake_args=None, catkin_cmake_args=None, catkin_skip_building_tests=False, verb_parser=<colcon_defaults.argument_parser.defaults.DefaultArgumentsDecorator object at 0xffffa1a43040>, verb_extension=<colcon_core.verb.build.BuildVerb object at 0xffffa1b7c4f0>, main=<bound method BuildVerb.main of <colcon_core.verb.build.BuildVerb object at 0xffffa1b7c4f0>>)
[1.806s] Level 1:colcon.colcon_core.package_discovery:discover_packages(colcon_meta) check parameters
[1.806s] Level 1:colcon.colcon_core.package_discovery:discover_packages(recursive) check parameters
[1.807s] Level 1:colcon.colcon_core.package_discovery:discover_packages(ignore) check parameters
[1.807s] Level 1:colcon.colcon_core.package_discovery:discover_packages(path) check parameters
[1.807s] Level 1:colcon.colcon_core.package_discovery:discover_packages(colcon_meta) discover
[1.807s] Level 1:colcon.colcon_core.package_discovery:discover_packages(recursive) discover
[1.808s] INFO:colcon.colcon_core.package_discovery:Crawling recursively for packages in '/home/erica/mercedes-brain'
[1.808s] Level 1:colcon.colcon_core.package_identification:_identify(.) by extensions ['ignore', 'ignore_ament_install']
[1.809s] Level 1:colcon.colcon_core.package_identification:_identify(.) by extension 'ignore'
[1.809s] Level 1:colcon.colcon_core.package_identification:_identify(.) by extension 'ignore_ament_install'
[1.809s] Level 1:colcon.colcon_core.package_identification:_identify(.) by extensions ['colcon_pkg']
[1.809s] Level 1:colcon.colcon_core.package_identification:_identify(.) by extension 'colcon_pkg'
[1.810s] Level 1:colcon.colcon_core.package_identification:_identify(.) by extensions ['colcon_meta']
[1.810s] Level 1:colcon.colcon_core.package_identification:_identify(.) by extension 'colcon_meta'
[1.810s] Level 1:colcon.colcon_core.package_identification:_identify(.) by extensions ['ros']
[1.810s] Level 1:colcon.colcon_core.package_identification:_identify(.) by extension 'ros'
[1.885s] Level 1:colcon.colcon_core.package_identification:_identify(.) by extensions ['cmake', 'python']
[1.885s] Level 1:colcon.colcon_core.package_identification:_identify(.) by extension 'cmake'
[1.885s] Level 1:colcon.colcon_core.package_identification:_identify(.) by extension 'python'
[1.885s] Level 1:colcon.colcon_core.package_identification:_identify(.) by extensions ['python_setup_py']
[1.886s] Level 1:colcon.colcon_core.package_identification:_identify(.) by extension 'python_setup_py'
[1.886s] Level 1:colcon.colcon_core.package_identification:_identify(build) by extensions ['ignore', 'ignore_ament_install']
[1.887s] Level 1:colcon.colcon_core.package_identification:_identify(build) by extension 'ignore'
[1.887s] Level 1:colcon.colcon_core.package_identification:_identify(build) ignored
[1.887s] Level 1:colcon.colcon_core.package_identification:_identify(install) by extensions ['ignore', 'ignore_ament_install']
[1.888s] Level 1:colcon.colcon_core.package_identification:_identify(install) by extension 'ignore'
[1.888s] Level 1:colcon.colcon_core.package_identification:_identify(install) ignored
[1.889s] Level 1:colcon.colcon_core.package_identification:_identify(log) by extensions ['ignore', 'ignore_ament_install']
[1.889s] Level 1:colcon.colcon_core.package_identification:_identify(log) by extension 'ignore'
[1.889s] Level 1:colcon.colcon_core.package_identification:_identify(log) ignored
[1.890s] Level 1:colcon.colcon_core.package_identification:_identify(src) by extensions ['ignore', 'ignore_ament_install']
[1.890s] Level 1:colcon.colcon_core.package_identification:_identify(src) by extension 'ignore'
[1.890s] Level 1:colcon.colcon_core.package_identification:_identify(src) by extension 'ignore_ament_install'
[1.891s] Level 1:colcon.colcon_core.package_identification:_identify(src) by extensions ['colcon_pkg']
[1.891s] Level 1:colcon.colcon_core.package_identification:_identify(src) by extension 'colcon_pkg'
[1.891s] Level 1:colcon.colcon_core.package_identification:_identify(src) by extensions ['colcon_meta']
[1.891s] Level 1:colcon.colcon_core.package_identification:_identify(src) by extension 'colcon_meta'
[1.891s] Level 1:colcon.colcon_core.package_identification:_identify(src) by extensions ['ros']
[1.891s] Level 1:colcon.colcon_core.package_identification:_identify(src) by extension 'ros'
[1.892s] Level 1:colcon.colcon_core.package_identification:_identify(src) by extensions ['cmake', 'python']
[1.892s] Level 1:colcon.colcon_core.package_identification:_identify(src) by extension 'cmake'
[1.892s] Level 1:colcon.colcon_core.package_identification:_identify(src) by extension 'python'
[1.892s] Level 1:colcon.colcon_core.package_identification:_identify(src) by extensions ['python_setup_py']
[1.892s] Level 1:colcon.colcon_core.package_identification:_identify(src) by extension 'python_setup_py'
[1.893s] Level 1:colcon.colcon_core.package_identification:_identify(src/brain) by extensions ['ignore', 'ignore_ament_install']
[1.893s] Level 1:colcon.colcon_core.package_identification:_identify(src/brain) by extension 'ignore'
[1.893s] Level 1:colcon.colcon_core.package_identification:_identify(src/brain) by extension 'ignore_ament_install'
[1.894s] Level 1:colcon.colcon_core.package_identification:_identify(src/brain) by extensions ['colcon_pkg']
[1.894s] Level 1:colcon.colcon_core.package_identification:_identify(src/brain) by extension 'colcon_pkg'
[1.894s] Level 1:colcon.colcon_core.package_identification:_identify(src/brain) by extensions ['colcon_meta']
[1.894s] Level 1:colcon.colcon_core.package_identification:_identify(src/brain) by extension 'colcon_meta'
[1.894s] Level 1:colcon.colcon_core.package_identification:_identify(src/brain) by extensions ['ros']
[1.895s] Level 1:colcon.colcon_core.package_identification:_identify(src/brain) by extension 'ros'
[1.908s] DEBUG:colcon.colcon_core.package_identification:Package 'src/brain' with type 'ros.ament_cmake' and name 'brain'
[1.909s] Level 1:colcon.colcon_core.package_identification:_identify(src/gpio) by extensions ['ignore', 'ignore_ament_install']
[1.910s] Level 1:colcon.colcon_core.package_identification:_identify(src/gpio) by extension 'ignore'
[1.910s] Level 1:colcon.colcon_core.package_identification:_identify(src/gpio) by extension 'ignore_ament_install'
[1.910s] Level 1:colcon.colcon_core.package_identification:_identify(src/gpio) by extensions ['colcon_pkg']
[1.911s] Level 1:colcon.colcon_core.package_identification:_identify(src/gpio) by extension 'colcon_pkg'
[1.911s] Level 1:colcon.colcon_core.package_identification:_identify(src/gpio) by extensions ['colcon_meta']
[1.911s] Level 1:colcon.colcon_core.package_identification:_identify(src/gpio) by extension 'colcon_meta'
[1.911s] Level 1:colcon.colcon_core.package_identification:_identify(src/gpio) by extensions ['ros']
[1.911s] Level 1:colcon.colcon_core.package_identification:_identify(src/gpio) by extension 'ros'
[1.914s] DEBUG:colcon.colcon_core.package_identification:Package 'src/gpio' with type 'ros.ament_cmake' and name 'gpio'
[1.915s] Level 1:colcon.colcon_core.package_identification:_identify(src/serial-ros2) by extensions ['ignore', 'ignore_ament_install']
[1.915s] Level 1:colcon.colcon_core.package_identification:_identify(src/serial-ros2) by extension 'ignore'
[1.916s] Level 1:colcon.colcon_core.package_identification:_identify(src/serial-ros2) by extension 'ignore_ament_install'
[1.916s] Level 1:colcon.colcon_core.package_identification:_identify(src/serial-ros2) by extensions ['colcon_pkg']
[1.916s] Level 1:colcon.colcon_core.package_identification:_identify(src/serial-ros2) by extension 'colcon_pkg'
[1.916s] Level 1:colcon.colcon_core.package_identification:_identify(src/serial-ros2) by extensions ['colcon_meta']
[1.916s] Level 1:colcon.colcon_core.package_identification:_identify(src/serial-ros2) by extension 'colcon_meta'
[1.917s] Level 1:colcon.colcon_core.package_identification:_identify(src/serial-ros2) by extensions ['ros']
[1.917s] Level 1:colcon.colcon_core.package_identification:_identify(src/serial-ros2) by extension 'ros'
[1.920s] DEBUG:colcon.colcon_core.package_identification:Package 'src/serial-ros2' with type 'ros.ament_cmake' and name 'serial'
[1.921s] Level 1:colcon.colcon_core.package_identification:_identify(src/serial_com) by extensions ['ignore', 'ignore_ament_install']
[1.921s] Level 1:colcon.colcon_core.package_identification:_identify(src/serial_com) by extension 'ignore'
[1.922s] Level 1:colcon.colcon_core.package_identification:_identify(src/serial_com) by extension 'ignore_ament_install'
[1.922s] Level 1:colcon.colcon_core.package_identification:_identify(src/serial_com) by extensions ['colcon_pkg']
[1.922s] Level 1:colcon.colcon_core.package_identification:_identify(src/serial_com) by extension 'colcon_pkg'
[1.922s] Level 1:colcon.colcon_core.package_identification:_identify(src/serial_com) by extensions ['colcon_meta']
[1.923s] Level 1:colcon.colcon_core.package_identification:_identify(src/serial_com) by extension 'colcon_meta'
[1.923s] Level 1:colcon.colcon_core.package_identification:_identify(src/serial_com) by extensions ['ros']
[1.923s] Level 1:colcon.colcon_core.package_identification:_identify(src/serial_com) by extension 'ros'
[1.927s] DEBUG:colcon.colcon_core.package_identification:Package 'src/serial_com' with type 'ros.ament_cmake' and name 'serial_com'
[1.928s] Level 1:colcon.colcon_core.package_identification:_identify(src/teleop) by extensions ['ignore', 'ignore_ament_install']
[1.928s] Level 1:colcon.colcon_core.package_identification:_identify(src/teleop) by extension 'ignore'
[1.928s] Level 1:colcon.colcon_core.package_identification:_identify(src/teleop) by extension 'ignore_ament_install'
[1.929s] Level 1:colcon.colcon_core.package_identification:_identify(src/teleop) by extensions ['colcon_pkg']
[1.929s] Level 1:colcon.colcon_core.package_identification:_identify(src/teleop) by extension 'colcon_pkg'
[1.929s] Level 1:colcon.colcon_core.package_identification:_identify(src/teleop) by extensions ['colcon_meta']
[1.929s] Level 1:colcon.colcon_core.package_identification:_identify(src/teleop) by extension 'colcon_meta'
[1.929s] Level 1:colcon.colcon_core.package_identification:_identify(src/teleop) by extensions ['ros']
[1.929s] Level 1:colcon.colcon_core.package_identification:_identify(src/teleop) by extension 'ros'
[1.933s] DEBUG:colcon.colcon_core.package_identification:Package 'src/teleop' with type 'ros.ament_cmake' and name 'teleop'
[1.934s] Level 1:colcon.colcon_core.package_discovery:discover_packages(recursive) using defaults
[1.934s] Level 1:colcon.colcon_core.package_discovery:discover_packages(ignore) discover
[1.934s] Level 1:colcon.colcon_core.package_discovery:discover_packages(ignore) using defaults
[1.934s] Level 1:colcon.colcon_core.package_discovery:discover_packages(path) discover
[1.934s] Level 1:colcon.colcon_core.package_discovery:discover_packages(path) using defaults
[2.037s] INFO:colcon.colcon_core.package_selection:Skipping not selected package 'gpio' in 'src/gpio'
[2.038s] INFO:colcon.colcon_core.package_selection:Skipping not selected package 'serial' in 'src/serial-ros2'
[2.038s] INFO:colcon.colcon_core.package_selection:Skipping not selected package 'serial_com' in 'src/serial_com'
[2.038s] INFO:colcon.colcon_core.package_selection:Skipping not selected package 'brain' in 'src/brain'
[2.041s] Level 1:colcon.colcon_core.package_discovery:discover_packages(prefix_path) check parameters
[2.042s] Level 1:colcon.colcon_core.package_discovery:discover_packages(prefix_path) discover
[2.062s] DEBUG:colcon.colcon_installed_package_information.package_discovery:Found 272 installed packages in /opt/ros/humble
[2.109s] Level 1:colcon.colcon_core.package_discovery:discover_packages(prefix_path) using defaults
[2.274s] Level 5:colcon.colcon_core.verb:set package 'teleop' build argument 'cmake_args' from command line to 'None'
[2.275s] Level 5:colcon.colcon_core.verb:set package 'teleop' build argument 'cmake_target' from command line to 'None'
[2.275s] Level 5:colcon.colcon_core.verb:set package 'teleop' build argument 'cmake_target_skip_unavailable' from command line to 'False'
[2.275s] Level 5:colcon.colcon_core.verb:set package 'teleop' build argument 'cmake_clean_cache' from command line to 'False'
[2.275s] Level 5:colcon.colcon_core.verb:set package 'teleop' build argument 'cmake_clean_first' from command line to 'False'
[2.275s] Level 5:colcon.colcon_core.verb:set package 'teleop' build argument 'cmake_force_configure' from command line to 'False'
[2.275s] Level 5:colcon.colcon_core.verb:set package 'teleop' build argument 'ament_cmake_args' from command line to 'None'
[2.275s] Level 5:colcon.colcon_core.verb:set package 'teleop' build argument 'catkin_cmake_args' from command line to 'None'
[2.276s] Level 5:colcon.colcon_core.verb:set package 'teleop' build argument 'catkin_skip_building_tests' from command line to 'False'
[2.276s] DEBUG:colcon.colcon_core.verb:Building package 'teleop' with the following arguments: {'ament_cmake_args': None, 'build_base': '/home/erica/mercedes-brain/build/teleop', 'catkin_cmake_args': None, 'catkin_skip_building_tests': False, 'cmake_args': None, 'cmake_clean_cache': False, 'cmake_clean_first': False, 'cmake_force_configure': False, 'cmake_target': None, 'cmake_target_skip_unavailable': False, 'install_base': '/home/erica/mercedes-brain/install/teleop', 'merge_install': False, 'path': '/home/erica/mercedes-brain/src/teleop', 'symlink_install': False, 'test_result_base': None}
[2.276s] INFO:colcon.colcon_core.executor:Executing jobs using 'parallel' executor
[2.280s] DEBUG:colcon.colcon_parallel_executor.executor.parallel:run_until_complete
[2.281s] INFO:colcon.colcon_ros.task.ament_cmake.build:Building ROS package in '/home/erica/mercedes-brain/src/teleop' with build type 'ament_cmake'
[2.281s] INFO:colcon.colcon_cmake.task.cmake.build:Building CMake package in '/home/erica/mercedes-brain/src/teleop'
[2.301s] INFO:colcon.colcon_core.plugin_system:Skipping extension 'colcon_core.shell.bat': Not used on non-Windows systems
[2.302s] INFO:colcon.colcon_core.shell:Skip shell extension 'powershell' for command environment: Not usable outside of PowerShell
[2.302s] DEBUG:colcon.colcon_core.shell:Skip shell extension 'dsv' for command environment
[2.341s] DEBUG:colcon.colcon_core.event_handler.log_command:Invoking command in '/home/erica/mercedes-brain/build/teleop': CMAKE_PREFIX_PATH=/opt/ros/humble /usr/bin/cmake --build /home/erica/mercedes-brain/build/teleop -- -j4 -l4
[39.167s] DEBUG:colcon.colcon_core.event_handler.log_command:Invoked command in '/home/erica/mercedes-brain/build/teleop' returned '0': CMAKE_PREFIX_PATH=/opt/ros/humble /usr/bin/cmake --build /home/erica/mercedes-brain/build/teleop -- -j4 -l4
[39.208s] DEBUG:colcon.colcon_core.event_handler.log_command:Invoking command in '/home/erica/mercedes-brain/build/teleop': CMAKE_PREFIX_PATH=/opt/ros/humble /usr/bin/cmake --install /home/erica/mercedes-brain/build/teleop
[39.295s] Level 1:colcon.colcon_core.environment:create_environment_scripts_only(teleop)
[39.297s] DEBUG:colcon.colcon_core.event_handler.log_command:Invoked command in '/home/erica/mercedes-brain/build/teleop' returned '0': CMAKE_PREFIX_PATH=/opt/ros/humble /usr/bin/cmake --install /home/erica/mercedes-brain/build/teleop
[39.321s] Level 1:colcon.colcon_core.environment:checking '/home/erica/mercedes-brain/install/teleop' for CMake module files
[39.324s] Level 1:colcon.colcon_core.environment:checking '/home/erica/mercedes-brain/install/teleop' for CMake config files
[39.326s] Level 1:colcon.colcon_core.shell:create_environment_hook('teleop', 'cmake_prefix_path')
[39.327s] INFO:colcon.colcon_core.shell:Creating environment hook '/home/erica/mercedes-brain/install/teleop/share/teleop/hook/cmake_prefix_path.ps1'
[39.331s] INFO:colcon.colcon_core.shell:Creating environment descriptor '/home/erica/mercedes-brain/install/teleop/share/teleop/hook/cmake_prefix_path.dsv'
[39.334s] INFO:colcon.colcon_core.shell:Creating environment hook '/home/erica/mercedes-brain/install/teleop/share/teleop/hook/cmake_prefix_path.sh'
[39.339s] Level 1:colcon.colcon_core.environment:checking '/home/erica/mercedes-brain/install/teleop/lib'
[39.340s] Level 1:colcon.colcon_core.environment:checking '/home/erica/mercedes-brain/install/teleop/bin'
[39.340s] Level 1:colcon.colcon_core.environment:checking '/home/erica/mercedes-brain/install/teleop/lib/pkgconfig/teleop.pc'
[39.341s] Level 1:colcon.colcon_core.environment:checking '/home/erica/mercedes-brain/install/teleop/lib/python3.10/site-packages'
[39.342s] Level 1:colcon.colcon_core.environment:checking '/home/erica/mercedes-brain/install/teleop/bin'
[39.343s] INFO:colcon.colcon_core.shell:Creating package script '/home/erica/mercedes-brain/install/teleop/share/teleop/package.ps1'
[39.348s] INFO:colcon.colcon_core.shell:Creating package descriptor '/home/erica/mercedes-brain/install/teleop/share/teleop/package.dsv'
[39.353s] INFO:colcon.colcon_core.shell:Creating package script '/home/erica/mercedes-brain/install/teleop/share/teleop/package.sh'
[39.357s] INFO:colcon.colcon_core.shell:Creating package script '/home/erica/mercedes-brain/install/teleop/share/teleop/package.bash'
[39.361s] INFO:colcon.colcon_core.shell:Creating package script '/home/erica/mercedes-brain/install/teleop/share/teleop/package.zsh'
[39.366s] Level 1:colcon.colcon_core.environment:create_file_with_runtime_dependencies(/home/erica/mercedes-brain/install/teleop/share/colcon-core/packages/teleop)
[39.369s] Level 1:colcon.colcon_core.environment:create_environment_scripts_only(teleop)
[39.371s] Level 1:colcon.colcon_core.environment:checking '/home/erica/mercedes-brain/install/teleop' for CMake module files
[39.374s] Level 1:colcon.colcon_core.environment:checking '/home/erica/mercedes-brain/install/teleop' for CMake config files
[39.375s] Level 1:colcon.colcon_core.shell:create_environment_hook('teleop', 'cmake_prefix_path')
[39.376s] INFO:colcon.colcon_core.shell:Creating environment hook '/home/erica/mercedes-brain/install/teleop/share/teleop/hook/cmake_prefix_path.ps1'
[39.378s] INFO:colcon.colcon_core.shell:Creating environment descriptor '/home/erica/mercedes-brain/install/teleop/share/teleop/hook/cmake_prefix_path.dsv'
[39.380s] INFO:colcon.colcon_core.shell:Creating environment hook '/home/erica/mercedes-brain/install/teleop/share/teleop/hook/cmake_prefix_path.sh'
[39.383s] Level 1:colcon.colcon_core.environment:checking '/home/erica/mercedes-brain/install/teleop/lib'
[39.384s] Level 1:colcon.colcon_core.environment:checking '/home/erica/mercedes-brain/install/teleop/bin'
[39.384s] Level 1:colcon.colcon_core.environment:checking '/home/erica/mercedes-brain/install/teleop/lib/pkgconfig/teleop.pc'
[39.385s] Level 1:colcon.colcon_core.environment:checking '/home/erica/mercedes-brain/install/teleop/lib/python3.10/site-packages'
[39.386s] Level 1:colcon.colcon_core.environment:checking '/home/erica/mercedes-brain/install/teleop/bin'
[39.387s] INFO:colcon.colcon_core.shell:Creating package script '/home/erica/mercedes-brain/install/teleop/share/teleop/package.ps1'
[39.389s] INFO:colcon.colcon_core.shell:Creating package descriptor '/home/erica/mercedes-brain/install/teleop/share/teleop/package.dsv'
[39.392s] INFO:colcon.colcon_core.shell:Creating package script '/home/erica/mercedes-brain/install/teleop/share/teleop/package.sh'
[39.394s] INFO:colcon.colcon_core.shell:Creating package script '/home/erica/mercedes-brain/install/teleop/share/teleop/package.bash'
[39.396s] INFO:colcon.colcon_core.shell:Creating package script '/home/erica/mercedes-brain/install/teleop/share/teleop/package.zsh'
[39.398s] Level 1:colcon.colcon_core.environment:create_file_with_runtime_dependencies(/home/erica/mercedes-brain/install/teleop/share/colcon-core/packages/teleop)
[39.400s] DEBUG:colcon.colcon_parallel_executor.executor.parallel:closing loop
[39.401s] DEBUG:colcon.colcon_parallel_executor.executor.parallel:loop closed
[39.401s] DEBUG:colcon.colcon_parallel_executor.executor.parallel:run_until_complete finished with '0'
[39.401s] DEBUG:colcon.colcon_core.event_reactor:joining thread
[39.426s] INFO:colcon.colcon_core.plugin_system:Skipping extension 'colcon_notification.desktop_notification.notify_send': Could not find 'notify-send'
[39.426s] INFO:colcon.colcon_core.plugin_system:Skipping extension 'colcon_notification.desktop_notification.terminal_notifier': Not used on non-Darwin systems
[39.427s] INFO:colcon.colcon_core.plugin_system:Skipping extension 'colcon_notification.desktop_notification.win32': Not used on non-Windows systems
[39.427s] INFO:colcon.colcon_notification.desktop_notification:Sending desktop notification using 'notify2'
[39.430s] DEBUG:colcon.colcon_notification.desktop_notification.notify2:Failed to initialize notify2: org.freedesktop.DBus.Error.ServiceUnknown: The name org.freedesktop.Notifications was not provided by any .service files
[39.430s] DEBUG:colcon.colcon_core.event_reactor:joined thread
[39.431s] INFO:colcon.colcon_core.shell:Creating prefix script '/home/erica/mercedes-brain/install/local_setup.ps1'
[39.436s] INFO:colcon.colcon_core.shell:Creating prefix util module '/home/erica/mercedes-brain/install/_local_setup_util_ps1.py'
[39.444s] INFO:colcon.colcon_core.shell:Creating prefix chain script '/home/erica/mercedes-brain/install/setup.ps1'
[39.450s] INFO:colcon.colcon_core.shell:Creating prefix script '/home/erica/mercedes-brain/install/local_setup.sh'
[39.454s] INFO:colcon.colcon_core.shell:Creating prefix util module '/home/erica/mercedes-brain/install/_local_setup_util_sh.py'
[39.457s] INFO:colcon.colcon_core.shell:Creating prefix chain script '/home/erica/mercedes-brain/install/setup.sh'
[39.461s] INFO:colcon.colcon_core.shell:Creating prefix script '/home/erica/mercedes-brain/install/local_setup.bash'
[39.464s] INFO:colcon.colcon_core.shell:Creating prefix chain script '/home/erica/mercedes-brain/install/setup.bash'
[39.469s] INFO:colcon.colcon_core.shell:Creating prefix script '/home/erica/mercedes-brain/install/local_setup.zsh'
[39.472s] INFO:colcon.colcon_core.shell:Creating prefix chain script '/home/erica/mercedes-brain/install/setup.zsh'
