[0.980s] DEBUG:colcon:Command line arguments: ['/usr/bin/colcon', 'build', '--packages-select', 'gpio']
[0.981s] DEBUG:colcon:Parsed command line arguments: Namespace(log_base=None, log_level=None, verb_name='build', build_base='build', install_base='install', merge_install=False, symlink_install=False, test_result_base=None, continue_on_error=False, executor='parallel', parallel_workers=4, event_handlers=None, ignore_user_meta=False, metas=['./colcon.meta'], base_paths=['.'], packages_ignore=None, packages_ignore_regex=None, paths=None, packages_up_to=None, packages_up_to_regex=None, packages_above=None, packages_above_and_dependencies=None, packages_above_depth=None, packages_select_by_dep=None, packages_skip_by_dep=None, packages_skip_up_to=None, packages_select_build_failed=False, packages_skip_build_finished=False, packages_select_test_failures=False, packages_skip_test_passed=False, packages_select=['gpio'], packages_skip=None, packages_select_regex=None, packages_skip_regex=None, packages_start=None, packages_end=None, allow_overriding=[], cmake_args=None, cmake_target=None, cmake_target_skip_unavailable=False, cmake_clean_cache=False, cmake_clean_first=False, cmake_force_configure=False, ament_cmake_args=None, catkin_cmake_args=None, catkin_skip_building_tests=False, verb_parser=<colcon_defaults.argument_parser.defaults.DefaultArgumentsDecorator object at 0xffffa3da3040>, verb_extension=<colcon_core.verb.build.BuildVerb object at 0xffffa3edc4f0>, main=<bound method BuildVerb.main of <colcon_core.verb.build.BuildVerb object at 0xffffa3edc4f0>>)
[2.156s] Level 1:colcon.colcon_core.package_discovery:discover_packages(colcon_meta) check parameters
[2.157s] Level 1:colcon.colcon_core.package_discovery:discover_packages(recursive) check parameters
[2.157s] Level 1:colcon.colcon_core.package_discovery:discover_packages(ignore) check parameters
[2.157s] Level 1:colcon.colcon_core.package_discovery:discover_packages(path) check parameters
[2.158s] Level 1:colcon.colcon_core.package_discovery:discover_packages(colcon_meta) discover
[2.158s] Level 1:colcon.colcon_core.package_discovery:discover_packages(recursive) discover
[2.158s] INFO:colcon.colcon_core.package_discovery:Crawling recursively for packages in '/home/erica/mercedes-brain'
[2.159s] Level 1:colcon.colcon_core.package_identification:_identify(.) by extensions ['ignore', 'ignore_ament_install']
[2.159s] Level 1:colcon.colcon_core.package_identification:_identify(.) by extension 'ignore'
[2.160s] Level 1:colcon.colcon_core.package_identification:_identify(.) by extension 'ignore_ament_install'
[2.160s] Level 1:colcon.colcon_core.package_identification:_identify(.) by extensions ['colcon_pkg']
[2.161s] Level 1:colcon.colcon_core.package_identification:_identify(.) by extension 'colcon_pkg'
[2.161s] Level 1:colcon.colcon_core.package_identification:_identify(.) by extensions ['colcon_meta']
[2.161s] Level 1:colcon.colcon_core.package_identification:_identify(.) by extension 'colcon_meta'
[2.161s] Level 1:colcon.colcon_core.package_identification:_identify(.) by extensions ['ros']
[2.162s] Level 1:colcon.colcon_core.package_identification:_identify(.) by extension 'ros'
[2.237s] Level 1:colcon.colcon_core.package_identification:_identify(.) by extensions ['cmake', 'python']
[2.237s] Level 1:colcon.colcon_core.package_identification:_identify(.) by extension 'cmake'
[2.237s] Level 1:colcon.colcon_core.package_identification:_identify(.) by extension 'python'
[2.237s] Level 1:colcon.colcon_core.package_identification:_identify(.) by extensions ['python_setup_py']
[2.238s] Level 1:colcon.colcon_core.package_identification:_identify(.) by extension 'python_setup_py'
[2.238s] Level 1:colcon.colcon_core.package_identification:_identify(build) by extensions ['ignore', 'ignore_ament_install']
[2.239s] Level 1:colcon.colcon_core.package_identification:_identify(build) by extension 'ignore'
[2.239s] Level 1:colcon.colcon_core.package_identification:_identify(build) ignored
[2.240s] Level 1:colcon.colcon_core.package_identification:_identify(install) by extensions ['ignore', 'ignore_ament_install']
[2.240s] Level 1:colcon.colcon_core.package_identification:_identify(install) by extension 'ignore'
[2.240s] Level 1:colcon.colcon_core.package_identification:_identify(install) ignored
[2.241s] Level 1:colcon.colcon_core.package_identification:_identify(log) by extensions ['ignore', 'ignore_ament_install']
[2.241s] Level 1:colcon.colcon_core.package_identification:_identify(log) by extension 'ignore'
[2.241s] Level 1:colcon.colcon_core.package_identification:_identify(log) ignored
[2.242s] Level 1:colcon.colcon_core.package_identification:_identify(src) by extensions ['ignore', 'ignore_ament_install']
[2.242s] Level 1:colcon.colcon_core.package_identification:_identify(src) by extension 'ignore'
[2.242s] Level 1:colcon.colcon_core.package_identification:_identify(src) by extension 'ignore_ament_install'
[2.243s] Level 1:colcon.colcon_core.package_identification:_identify(src) by extensions ['colcon_pkg']
[2.243s] Level 1:colcon.colcon_core.package_identification:_identify(src) by extension 'colcon_pkg'
[2.243s] Level 1:colcon.colcon_core.package_identification:_identify(src) by extensions ['colcon_meta']
[2.243s] Level 1:colcon.colcon_core.package_identification:_identify(src) by extension 'colcon_meta'
[2.243s] Level 1:colcon.colcon_core.package_identification:_identify(src) by extensions ['ros']
[2.243s] Level 1:colcon.colcon_core.package_identification:_identify(src) by extension 'ros'
[2.244s] Level 1:colcon.colcon_core.package_identification:_identify(src) by extensions ['cmake', 'python']
[2.244s] Level 1:colcon.colcon_core.package_identification:_identify(src) by extension 'cmake'
[2.244s] Level 1:colcon.colcon_core.package_identification:_identify(src) by extension 'python'
[2.244s] Level 1:colcon.colcon_core.package_identification:_identify(src) by extensions ['python_setup_py']
[2.245s] Level 1:colcon.colcon_core.package_identification:_identify(src) by extension 'python_setup_py'
[2.245s] Level 1:colcon.colcon_core.package_identification:_identify(src/brain) by extensions ['ignore', 'ignore_ament_install']
[2.245s] Level 1:colcon.colcon_core.package_identification:_identify(src/brain) by extension 'ignore'
[2.246s] Level 1:colcon.colcon_core.package_identification:_identify(src/brain) by extension 'ignore_ament_install'
[2.246s] Level 1:colcon.colcon_core.package_identification:_identify(src/brain) by extensions ['colcon_pkg']
[2.246s] Level 1:colcon.colcon_core.package_identification:_identify(src/brain) by extension 'colcon_pkg'
[2.246s] Level 1:colcon.colcon_core.package_identification:_identify(src/brain) by extensions ['colcon_meta']
[2.246s] Level 1:colcon.colcon_core.package_identification:_identify(src/brain) by extension 'colcon_meta'
[2.247s] Level 1:colcon.colcon_core.package_identification:_identify(src/brain) by extensions ['ros']
[2.247s] Level 1:colcon.colcon_core.package_identification:_identify(src/brain) by extension 'ros'
[2.260s] DEBUG:colcon.colcon_core.package_identification:Package 'src/brain' with type 'ros.ament_cmake' and name 'brain'
[2.261s] Level 1:colcon.colcon_core.package_identification:_identify(src/gpio) by extensions ['ignore', 'ignore_ament_install']
[2.261s] Level 1:colcon.colcon_core.package_identification:_identify(src/gpio) by extension 'ignore'
[2.261s] Level 1:colcon.colcon_core.package_identification:_identify(src/gpio) by extension 'ignore_ament_install'
[2.262s] Level 1:colcon.colcon_core.package_identification:_identify(src/gpio) by extensions ['colcon_pkg']
[2.262s] Level 1:colcon.colcon_core.package_identification:_identify(src/gpio) by extension 'colcon_pkg'
[2.262s] Level 1:colcon.colcon_core.package_identification:_identify(src/gpio) by extensions ['colcon_meta']
[2.262s] Level 1:colcon.colcon_core.package_identification:_identify(src/gpio) by extension 'colcon_meta'
[2.262s] Level 1:colcon.colcon_core.package_identification:_identify(src/gpio) by extensions ['ros']
[2.263s] Level 1:colcon.colcon_core.package_identification:_identify(src/gpio) by extension 'ros'
[2.266s] DEBUG:colcon.colcon_core.package_identification:Package 'src/gpio' with type 'ros.ament_cmake' and name 'gpio'
[2.267s] Level 1:colcon.colcon_core.package_identification:_identify(src/serial-ros2) by extensions ['ignore', 'ignore_ament_install']
[2.267s] Level 1:colcon.colcon_core.package_identification:_identify(src/serial-ros2) by extension 'ignore'
[2.268s] Level 1:colcon.colcon_core.package_identification:_identify(src/serial-ros2) by extension 'ignore_ament_install'
[2.268s] Level 1:colcon.colcon_core.package_identification:_identify(src/serial-ros2) by extensions ['colcon_pkg']
[2.268s] Level 1:colcon.colcon_core.package_identification:_identify(src/serial-ros2) by extension 'colcon_pkg'
[2.268s] Level 1:colcon.colcon_core.package_identification:_identify(src/serial-ros2) by extensions ['colcon_meta']
[2.269s] Level 1:colcon.colcon_core.package_identification:_identify(src/serial-ros2) by extension 'colcon_meta'
[2.269s] Level 1:colcon.colcon_core.package_identification:_identify(src/serial-ros2) by extensions ['ros']
[2.269s] Level 1:colcon.colcon_core.package_identification:_identify(src/serial-ros2) by extension 'ros'
[2.272s] DEBUG:colcon.colcon_core.package_identification:Package 'src/serial-ros2' with type 'ros.ament_cmake' and name 'serial'
[2.273s] Level 1:colcon.colcon_core.package_identification:_identify(src/serial_com) by extensions ['ignore', 'ignore_ament_install']
[2.274s] Level 1:colcon.colcon_core.package_identification:_identify(src/serial_com) by extension 'ignore'
[2.274s] Level 1:colcon.colcon_core.package_identification:_identify(src/serial_com) by extension 'ignore_ament_install'
[2.274s] Level 1:colcon.colcon_core.package_identification:_identify(src/serial_com) by extensions ['colcon_pkg']
[2.274s] Level 1:colcon.colcon_core.package_identification:_identify(src/serial_com) by extension 'colcon_pkg'
[2.275s] Level 1:colcon.colcon_core.package_identification:_identify(src/serial_com) by extensions ['colcon_meta']
[2.275s] Level 1:colcon.colcon_core.package_identification:_identify(src/serial_com) by extension 'colcon_meta'
[2.275s] Level 1:colcon.colcon_core.package_identification:_identify(src/serial_com) by extensions ['ros']
[2.275s] Level 1:colcon.colcon_core.package_identification:_identify(src/serial_com) by extension 'ros'
[2.279s] DEBUG:colcon.colcon_core.package_identification:Package 'src/serial_com' with type 'ros.ament_cmake' and name 'serial_com'
[2.280s] Level 1:colcon.colcon_core.package_identification:_identify(src/teleop) by extensions ['ignore', 'ignore_ament_install']
[2.280s] Level 1:colcon.colcon_core.package_identification:_identify(src/teleop) by extension 'ignore'
[2.280s] Level 1:colcon.colcon_core.package_identification:_identify(src/teleop) by extension 'ignore_ament_install'
[2.281s] Level 1:colcon.colcon_core.package_identification:_identify(src/teleop) by extensions ['colcon_pkg']
[2.281s] Level 1:colcon.colcon_core.package_identification:_identify(src/teleop) by extension 'colcon_pkg'
[2.281s] Level 1:colcon.colcon_core.package_identification:_identify(src/teleop) by extensions ['colcon_meta']
[2.281s] Level 1:colcon.colcon_core.package_identification:_identify(src/teleop) by extension 'colcon_meta'
[2.281s] Level 1:colcon.colcon_core.package_identification:_identify(src/teleop) by extensions ['ros']
[2.281s] Level 1:colcon.colcon_core.package_identification:_identify(src/teleop) by extension 'ros'
[2.285s] DEBUG:colcon.colcon_core.package_identification:Package 'src/teleop' with type 'ros.ament_cmake' and name 'teleop'
[2.286s] Level 1:colcon.colcon_core.package_discovery:discover_packages(recursive) using defaults
[2.286s] Level 1:colcon.colcon_core.package_discovery:discover_packages(ignore) discover
[2.286s] Level 1:colcon.colcon_core.package_discovery:discover_packages(ignore) using defaults
[2.286s] Level 1:colcon.colcon_core.package_discovery:discover_packages(path) discover
[2.286s] Level 1:colcon.colcon_core.package_discovery:discover_packages(path) using defaults
[2.407s] INFO:colcon.colcon_core.package_selection:Skipping not selected package 'serial' in 'src/serial-ros2'
[2.408s] INFO:colcon.colcon_core.package_selection:Skipping not selected package 'teleop' in 'src/teleop'
[2.408s] INFO:colcon.colcon_core.package_selection:Skipping not selected package 'serial_com' in 'src/serial_com'
[2.408s] INFO:colcon.colcon_core.package_selection:Skipping not selected package 'brain' in 'src/brain'
[2.411s] Level 1:colcon.colcon_core.package_discovery:discover_packages(prefix_path) check parameters
[2.411s] Level 1:colcon.colcon_core.package_discovery:discover_packages(prefix_path) discover
[2.433s] DEBUG:colcon.colcon_installed_package_information.package_discovery:Found 272 installed packages in /opt/ros/humble
[2.478s] Level 1:colcon.colcon_core.package_discovery:discover_packages(prefix_path) using defaults
[2.643s] Level 5:colcon.colcon_core.verb:set package 'gpio' build argument 'cmake_args' from command line to 'None'
[2.643s] Level 5:colcon.colcon_core.verb:set package 'gpio' build argument 'cmake_target' from command line to 'None'
[2.643s] Level 5:colcon.colcon_core.verb:set package 'gpio' build argument 'cmake_target_skip_unavailable' from command line to 'False'
[2.643s] Level 5:colcon.colcon_core.verb:set package 'gpio' build argument 'cmake_clean_cache' from command line to 'False'
[2.644s] Level 5:colcon.colcon_core.verb:set package 'gpio' build argument 'cmake_clean_first' from command line to 'False'
[2.644s] Level 5:colcon.colcon_core.verb:set package 'gpio' build argument 'cmake_force_configure' from command line to 'False'
[2.644s] Level 5:colcon.colcon_core.verb:set package 'gpio' build argument 'ament_cmake_args' from command line to 'None'
[2.644s] Level 5:colcon.colcon_core.verb:set package 'gpio' build argument 'catkin_cmake_args' from command line to 'None'
[2.644s] Level 5:colcon.colcon_core.verb:set package 'gpio' build argument 'catkin_skip_building_tests' from command line to 'False'
[2.644s] DEBUG:colcon.colcon_core.verb:Building package 'gpio' with the following arguments: {'ament_cmake_args': None, 'build_base': '/home/erica/mercedes-brain/build/gpio', 'catkin_cmake_args': None, 'catkin_skip_building_tests': False, 'cmake_args': None, 'cmake_clean_cache': False, 'cmake_clean_first': False, 'cmake_force_configure': False, 'cmake_target': None, 'cmake_target_skip_unavailable': False, 'install_base': '/home/erica/mercedes-brain/install/gpio', 'merge_install': False, 'path': '/home/erica/mercedes-brain/src/gpio', 'symlink_install': False, 'test_result_base': None}
[2.645s] INFO:colcon.colcon_core.executor:Executing jobs using 'parallel' executor
[2.648s] DEBUG:colcon.colcon_parallel_executor.executor.parallel:run_until_complete
[2.649s] INFO:colcon.colcon_ros.task.ament_cmake.build:Building ROS package in '/home/erica/mercedes-brain/src/gpio' with build type 'ament_cmake'
[2.650s] INFO:colcon.colcon_cmake.task.cmake.build:Building CMake package in '/home/erica/mercedes-brain/src/gpio'
[2.669s] INFO:colcon.colcon_core.plugin_system:Skipping extension 'colcon_core.shell.bat': Not used on non-Windows systems
[2.670s] INFO:colcon.colcon_core.shell:Skip shell extension 'powershell' for command environment: Not usable outside of PowerShell
[2.671s] DEBUG:colcon.colcon_core.shell:Skip shell extension 'dsv' for command environment
[2.718s] DEBUG:colcon.colcon_core.event_handler.log_command:Invoking command in '/home/erica/mercedes-brain/build/gpio': CMAKE_PREFIX_PATH=/opt/ros/humble /usr/bin/cmake --build /home/erica/mercedes-brain/build/gpio -- -j4 -l4
[38.430s] DEBUG:colcon.colcon_core.event_handler.log_command:Invoked command in '/home/erica/mercedes-brain/build/gpio' returned '0': CMAKE_PREFIX_PATH=/opt/ros/humble /usr/bin/cmake --build /home/erica/mercedes-brain/build/gpio -- -j4 -l4
[38.470s] DEBUG:colcon.colcon_core.event_handler.log_command:Invoking command in '/home/erica/mercedes-brain/build/gpio': CMAKE_PREFIX_PATH=/opt/ros/humble /usr/bin/cmake --install /home/erica/mercedes-brain/build/gpio
[38.556s] Level 1:colcon.colcon_core.environment:create_environment_scripts_only(gpio)
[38.557s] DEBUG:colcon.colcon_core.event_handler.log_command:Invoked command in '/home/erica/mercedes-brain/build/gpio' returned '0': CMAKE_PREFIX_PATH=/opt/ros/humble /usr/bin/cmake --install /home/erica/mercedes-brain/build/gpio
[38.584s] Level 1:colcon.colcon_core.environment:checking '/home/erica/mercedes-brain/install/gpio' for CMake module files
[38.587s] Level 1:colcon.colcon_core.environment:checking '/home/erica/mercedes-brain/install/gpio' for CMake config files
[38.589s] Level 1:colcon.colcon_core.shell:create_environment_hook('gpio', 'cmake_prefix_path')
[38.590s] INFO:colcon.colcon_core.shell:Creating environment hook '/home/erica/mercedes-brain/install/gpio/share/gpio/hook/cmake_prefix_path.ps1'
[38.594s] INFO:colcon.colcon_core.shell:Creating environment descriptor '/home/erica/mercedes-brain/install/gpio/share/gpio/hook/cmake_prefix_path.dsv'
[38.598s] INFO:colcon.colcon_core.shell:Creating environment hook '/home/erica/mercedes-brain/install/gpio/share/gpio/hook/cmake_prefix_path.sh'
[38.603s] Level 1:colcon.colcon_core.environment:checking '/home/erica/mercedes-brain/install/gpio/lib'
[38.603s] Level 1:colcon.colcon_core.environment:checking '/home/erica/mercedes-brain/install/gpio/bin'
[38.604s] Level 1:colcon.colcon_core.environment:checking '/home/erica/mercedes-brain/install/gpio/lib/pkgconfig/gpio.pc'
[38.605s] Level 1:colcon.colcon_core.environment:checking '/home/erica/mercedes-brain/install/gpio/lib/python3.10/site-packages'
[38.606s] Level 1:colcon.colcon_core.environment:checking '/home/erica/mercedes-brain/install/gpio/bin'
[38.607s] INFO:colcon.colcon_core.shell:Creating package script '/home/erica/mercedes-brain/install/gpio/share/gpio/package.ps1'
[38.611s] INFO:colcon.colcon_core.shell:Creating package descriptor '/home/erica/mercedes-brain/install/gpio/share/gpio/package.dsv'
[38.615s] INFO:colcon.colcon_core.shell:Creating package script '/home/erica/mercedes-brain/install/gpio/share/gpio/package.sh'
[38.618s] INFO:colcon.colcon_core.shell:Creating package script '/home/erica/mercedes-brain/install/gpio/share/gpio/package.bash'
[38.623s] INFO:colcon.colcon_core.shell:Creating package script '/home/erica/mercedes-brain/install/gpio/share/gpio/package.zsh'
[38.628s] Level 1:colcon.colcon_core.environment:create_file_with_runtime_dependencies(/home/erica/mercedes-brain/install/gpio/share/colcon-core/packages/gpio)
[38.631s] Level 1:colcon.colcon_core.environment:create_environment_scripts_only(gpio)
[38.632s] Level 1:colcon.colcon_core.environment:checking '/home/erica/mercedes-brain/install/gpio' for CMake module files
[38.635s] Level 1:colcon.colcon_core.environment:checking '/home/erica/mercedes-brain/install/gpio' for CMake config files
[38.636s] Level 1:colcon.colcon_core.shell:create_environment_hook('gpio', 'cmake_prefix_path')
[38.637s] INFO:colcon.colcon_core.shell:Creating environment hook '/home/erica/mercedes-brain/install/gpio/share/gpio/hook/cmake_prefix_path.ps1'
[38.639s] INFO:colcon.colcon_core.shell:Creating environment descriptor '/home/erica/mercedes-brain/install/gpio/share/gpio/hook/cmake_prefix_path.dsv'
[38.642s] INFO:colcon.colcon_core.shell:Creating environment hook '/home/erica/mercedes-brain/install/gpio/share/gpio/hook/cmake_prefix_path.sh'
[38.645s] Level 1:colcon.colcon_core.environment:checking '/home/erica/mercedes-brain/install/gpio/lib'
[38.646s] Level 1:colcon.colcon_core.environment:checking '/home/erica/mercedes-brain/install/gpio/bin'
[38.646s] Level 1:colcon.colcon_core.environment:checking '/home/erica/mercedes-brain/install/gpio/lib/pkgconfig/gpio.pc'
[38.647s] Level 1:colcon.colcon_core.environment:checking '/home/erica/mercedes-brain/install/gpio/lib/python3.10/site-packages'
[38.648s] Level 1:colcon.colcon_core.environment:checking '/home/erica/mercedes-brain/install/gpio/bin'
[38.649s] INFO:colcon.colcon_core.shell:Creating package script '/home/erica/mercedes-brain/install/gpio/share/gpio/package.ps1'
[38.651s] INFO:colcon.colcon_core.shell:Creating package descriptor '/home/erica/mercedes-brain/install/gpio/share/gpio/package.dsv'
[38.654s] INFO:colcon.colcon_core.shell:Creating package script '/home/erica/mercedes-brain/install/gpio/share/gpio/package.sh'
[38.656s] INFO:colcon.colcon_core.shell:Creating package script '/home/erica/mercedes-brain/install/gpio/share/gpio/package.bash'
[38.658s] INFO:colcon.colcon_core.shell:Creating package script '/home/erica/mercedes-brain/install/gpio/share/gpio/package.zsh'
[38.660s] Level 1:colcon.colcon_core.environment:create_file_with_runtime_dependencies(/home/erica/mercedes-brain/install/gpio/share/colcon-core/packages/gpio)
[38.661s] DEBUG:colcon.colcon_parallel_executor.executor.parallel:closing loop
[38.663s] DEBUG:colcon.colcon_parallel_executor.executor.parallel:loop closed
[38.663s] DEBUG:colcon.colcon_parallel_executor.executor.parallel:run_until_complete finished with '0'
[38.663s] DEBUG:colcon.colcon_core.event_reactor:joining thread
[38.688s] INFO:colcon.colcon_core.plugin_system:Skipping extension 'colcon_notification.desktop_notification.notify_send': Could not find 'notify-send'
[38.689s] INFO:colcon.colcon_core.plugin_system:Skipping extension 'colcon_notification.desktop_notification.terminal_notifier': Not used on non-Darwin systems
[38.689s] INFO:colcon.colcon_core.plugin_system:Skipping extension 'colcon_notification.desktop_notification.win32': Not used on non-Windows systems
[38.689s] INFO:colcon.colcon_notification.desktop_notification:Sending desktop notification using 'notify2'
[38.723s] DEBUG:colcon.colcon_notification.desktop_notification.notify2:Failed to initialize notify2: org.freedesktop.DBus.Error.ServiceUnknown: The name org.freedesktop.Notifications was not provided by any .service files
[38.723s] DEBUG:colcon.colcon_core.event_reactor:joined thread
[38.724s] INFO:colcon.colcon_core.shell:Creating prefix script '/home/erica/mercedes-brain/install/local_setup.ps1'
[38.729s] INFO:colcon.colcon_core.shell:Creating prefix util module '/home/erica/mercedes-brain/install/_local_setup_util_ps1.py'
[38.737s] INFO:colcon.colcon_core.shell:Creating prefix chain script '/home/erica/mercedes-brain/install/setup.ps1'
[38.744s] INFO:colcon.colcon_core.shell:Creating prefix script '/home/erica/mercedes-brain/install/local_setup.sh'
[38.747s] INFO:colcon.colcon_core.shell:Creating prefix util module '/home/erica/mercedes-brain/install/_local_setup_util_sh.py'
[38.750s] INFO:colcon.colcon_core.shell:Creating prefix chain script '/home/erica/mercedes-brain/install/setup.sh'
[38.756s] INFO:colcon.colcon_core.shell:Creating prefix script '/home/erica/mercedes-brain/install/local_setup.bash'
[38.759s] INFO:colcon.colcon_core.shell:Creating prefix chain script '/home/erica/mercedes-brain/install/setup.bash'
[38.764s] INFO:colcon.colcon_core.shell:Creating prefix script '/home/erica/mercedes-brain/install/local_setup.zsh'
[38.768s] INFO:colcon.colcon_core.shell:Creating prefix chain script '/home/erica/mercedes-brain/install/setup.zsh'
